This file contains any messages produced by compilers while
running configure, to aid debugging if configure makes a mistake.

It was created by liblo configure 0.26, which was
generated by GNU Autoconf 2.61.  Invocation command line was

  $ ./configure 

## --------- ##
## Platform. ##
## --------- ##

hostname = Andys-MacBook.local
uname -m = i386
uname -r = 11.4.2
uname -s = Darwin
uname -v = Darwin Kernel Version 11.4.2: Thu Aug 23 16:26:45 PDT 2012; root:xnu-1699.32.7~1/RELEASE_I386

/usr/bin/uname -p = i386
/bin/uname -X     = unknown

/bin/arch              = unknown
/usr/bin/arch -k       = unknown
/usr/convex/getsysinfo = unknown
/usr/bin/hostinfo      = Mach kernel version:
	 Darwin Kernel Version 11.4.2: Thu Aug 23 16:26:45 PDT 2012; root:xnu-1699.32.7~1/RELEASE_I386
Kernel configured for up to 2 processors.
2 processors are physically available.
2 processors are logically available.
Processor type: i486 (Intel 80486)
Processors active: 0 1
Primary memory available: 4.00 gigabytes
Default processor set: 88 tasks, 431 threads, 2 processors
Load average: 2.81, Mach factor: 0.45
/bin/machine           = unknown
/usr/bin/oslevel       = unknown
/bin/universe          = unknown

PATH: /usr/bin
PATH: /bin
PATH: /usr/sbin
PATH: /sbin
PATH: /usr/local/bin
PATH: /usr/X11/bin


## ----------- ##
## Core tests. ##
## ----------- ##

configure:1986: checking for a BSD-compatible install
configure:2042: result: /usr/bin/install -c
configure:2053: checking whether build environment is sane
configure:2096: result: yes
configure:2124: checking for a thread-safe mkdir -p
configure:2163: result: ./install-sh -c -d
configure:2176: checking for gawk
configure:2206: result: no
configure:2176: checking for mawk
configure:2206: result: no
configure:2176: checking for nawk
configure:2206: result: no
configure:2176: checking for awk
configure:2192: found /usr/bin/awk
configure:2203: result: awk
configure:2214: checking whether make sets $(MAKE)
configure:2235: result: yes
configure:2551: checking for gcc
configure:2567: found /usr/bin/gcc
configure:2578: result: gcc
configure:2816: checking for C compiler version
configure:2823: gcc --version >&5
i686-apple-darwin11-llvm-gcc-4.2 (GCC) 4.2.1 (Based on Apple Inc. build 5658) (LLVM build 2336.11.00)
Copyright (C) 2007 Free Software Foundation, Inc.
This is free software; see the source for copying conditions.  There is NO
warranty; not even for MERCHANTABILITY or FITNESS FOR A PARTICULAR PURPOSE.

configure:2826: $? = 0
configure:2833: gcc -v >&5
Using built-in specs.
Target: i686-apple-darwin11
Configured with: /private/var/tmp/llvmgcc42/llvmgcc42-2336.11~182/src/configure --disable-checking --enable-werror --prefix=/Applications/Xcode.app/Contents/Developer/usr/llvm-gcc-4.2 --mandir=/share/man --enable-languages=c,objc,c++,obj-c++ --program-prefix=llvm- --program-transform-name=/^[cg][^.-]*$/s/$/-4.2/ --with-slibdir=/usr/lib --build=i686-apple-darwin11 --enable-llvm=/private/var/tmp/llvmgcc42/llvmgcc42-2336.11~182/dst-llvmCore/Developer/usr/local --program-prefix=i686-apple-darwin11- --host=x86_64-apple-darwin11 --target=i686-apple-darwin11 --with-gxx-include-dir=/usr/include/c++/4.2.1
Thread model: posix
gcc version 4.2.1 (Based on Apple Inc. build 5658) (LLVM build 2336.11.00)
configure:2836: $? = 0
configure:2843: gcc -V >&5
llvm-gcc-4.2: argument to `-V' is missing
configure:2846: $? = 1
configure:2869: checking for C compiler default output file name
configure:2896: gcc    conftest.c  >&5
configure:2899: $? = 0
configure:2937: result: a.out
configure:2954: checking whether the C compiler works
configure:2964: ./a.out
configure:2967: $? = 0
configure:2984: result: yes
configure:2991: checking whether we are cross compiling
configure:2993: result: no
configure:2996: checking for suffix of executables
configure:3003: gcc -o conftest    conftest.c  >&5
configure:3006: $? = 0
configure:3030: result: 
configure:3036: checking for suffix of object files
configure:3062: gcc -c   conftest.c >&5
configure:3065: $? = 0
configure:3088: result: o
configure:3092: checking whether we are using the GNU C compiler
configure:3121: gcc -c   conftest.c >&5
configure:3127: $? = 0
configure:3144: result: yes
configure:3149: checking whether gcc accepts -g
configure:3179: gcc -c -g  conftest.c >&5
configure:3185: $? = 0
configure:3284: result: yes
configure:3301: checking for gcc option to accept ISO C89
configure:3375: gcc  -c -g -O2  conftest.c >&5
configure:3381: $? = 0
configure:3404: result: none needed
configure:3433: checking for style of include used by make
configure:3461: result: GNU
configure:3486: checking dependency style of gcc
configure:3577: result: gcc3
configure:3623: checking build system type
configure:3641: result: i386-apple-darwin11.4.2
configure:3663: checking host system type
configure:3678: result: i386-apple-darwin11.4.2
configure:3700: checking for a sed that does not truncate output
configure:3779: result: /usr/bin/sed
configure:3797: checking for grep that handles long lines and -e
configure:3871: result: /usr/bin/grep
configure:3876: checking for egrep
configure:3954: result: /usr/bin/grep -E
configure:3959: checking for fgrep
configure:4037: result: /usr/bin/grep -F
configure:4072: checking for ld used by gcc
configure:4139: result: /usr/llvm-gcc-4.2/libexec/gcc/i686-apple-darwin11/4.2.1/ld
configure:4148: checking if the linker (/usr/llvm-gcc-4.2/libexec/gcc/i686-apple-darwin11/4.2.1/ld) is GNU ld
configure:4163: result: no
configure:4175: checking for BSD- or MS-compatible name lister (nm)
configure:4224: result: /usr/bin/nm
configure:4346: checking the name lister (/usr/bin/nm) interface
configure:4353: gcc -c -g -O2  conftest.c >&5
configure:4356: /usr/bin/nm "conftest.o"
configure:4359: output
000000000000018c S _some_variable
configure:4366: result: BSD nm
configure:4369: checking whether ln -s works
configure:4373: result: yes
configure:4381: checking the maximum length of command line arguments
configure:4501: result: 196608
configure:4518: checking whether the shell understands some XSI constructs
configure:4528: result: yes
configure:4532: checking whether the shell understands "+="
configure:4538: result: yes
configure:4573: checking for /usr/llvm-gcc-4.2/libexec/gcc/i686-apple-darwin11/4.2.1/ld option to reload object files
configure:4580: result: -r
configure:4607: checking how to recognize dependent libraries
configure:4797: result: pass_all
configure:4857: checking for ar
configure:4873: found /usr/bin/ar
configure:4884: result: ar
configure:4966: checking for strip
configure:4982: found /usr/bin/strip
configure:4993: result: strip
configure:5069: checking for ranlib
configure:5085: found /usr/bin/ranlib
configure:5096: result: ranlib
configure:5190: checking command to parse /usr/bin/nm output from gcc object
configure:5308: gcc -c -g -O2  conftest.c >&5
configure:5311: $? = 0
configure:5315: /usr/bin/nm conftest.o \| sed -n -e 's/^.*[	 ]\([BCDEGRST][BCDEGRST]*\)[	 ][	 ]*\([_A-Za-z][_A-Za-z0-9]*\)$/\1 \2 \2/p' \> conftest.nm
configure:5318: $? = 0
cannot find nm_test_var in conftest.nm
configure:5308: gcc -c -g -O2  conftest.c >&5
configure:5311: $? = 0
configure:5315: /usr/bin/nm conftest.o \| sed -n -e 's/^.*[	 ]\([BCDEGRST][BCDEGRST]*\)[	 ][	 ]*_\([_A-Za-z][_A-Za-z0-9]*\)$/\1 _\2 \2/p' \> conftest.nm
configure:5318: $? = 0
configure:5372: gcc -o conftest -g -O2   conftest.c conftstm.o >&5
configure:5375: $? = 0
configure:5413: result: ok
configure:5703: checking for dsymutil
configure:5719: found /usr/bin/dsymutil
configure:5730: result: dsymutil
configure:5799: checking for nmedit
configure:5815: found /usr/bin/nmedit
configure:5826: result: nmedit
configure:5895: checking for lipo
configure:5911: found /usr/bin/lipo
configure:5922: result: lipo
configure:5991: checking for otool
configure:6007: found /usr/bin/otool
configure:6018: result: otool
configure:6087: checking for otool64
configure:6117: result: no
configure:6166: checking for -single_module linker flag
gcc -g -O2  -o libconftest.dylib -dynamiclib -Wl,-single_module conftest.c
configure:6193: result: yes
configure:6195: checking for -exported_symbols_list linker flag
configure:6225: gcc -o conftest -g -O2   -Wl,-exported_symbols_list,conftest.sym conftest.c  >&5
configure:6231: $? = 0
configure:6250: result: yes
configure:6292: checking how to run the C preprocessor
configure:6332: gcc -E  conftest.c
configure:6338: $? = 0
configure:6369: gcc -E  conftest.c
conftest.c:10:28: error: ac_nonexistent.h: No such file or directory
configure:6375: $? = 1
configure: failed program was:
| /* confdefs.h.  */
| #define PACKAGE_NAME "liblo"
| #define PACKAGE_TARNAME "liblo"
| #define PACKAGE_VERSION "0.26"
| #define PACKAGE_STRING "liblo 0.26"
| #define PACKAGE_BUGREPORT "liblo-devel@lists.sourceforge.net"
| #define PACKAGE "liblo"
| #define VERSION "0.26"
| /* end confdefs.h.  */
| #include <ac_nonexistent.h>
configure:6408: result: gcc -E
configure:6437: gcc -E  conftest.c
configure:6443: $? = 0
configure:6474: gcc -E  conftest.c
conftest.c:10:28: error: ac_nonexistent.h: No such file or directory
configure:6480: $? = 1
configure: failed program was:
| /* confdefs.h.  */
| #define PACKAGE_NAME "liblo"
| #define PACKAGE_TARNAME "liblo"
| #define PACKAGE_VERSION "0.26"
| #define PACKAGE_STRING "liblo 0.26"
| #define PACKAGE_BUGREPORT "liblo-devel@lists.sourceforge.net"
| #define PACKAGE "liblo"
| #define VERSION "0.26"
| /* end confdefs.h.  */
| #include <ac_nonexistent.h>
configure:6518: checking for ANSI C header files
configure:6548: gcc -c -g -O2  conftest.c >&5
configure:6554: $? = 0
configure:6653: gcc -o conftest -g -O2   conftest.c  >&5
configure:6656: $? = 0
configure:6662: ./conftest
configure:6665: $? = 0
configure:6682: result: yes
configure:6706: checking for sys/types.h
configure:6727: gcc -c -g -O2  conftest.c >&5
configure:6733: $? = 0
configure:6749: result: yes
configure:6706: checking for sys/stat.h
configure:6727: gcc -c -g -O2  conftest.c >&5
configure:6733: $? = 0
configure:6749: result: yes
configure:6706: checking for stdlib.h
configure:6727: gcc -c -g -O2  conftest.c >&5
configure:6733: $? = 0
configure:6749: result: yes
configure:6706: checking for string.h
configure:6727: gcc -c -g -O2  conftest.c >&5
configure:6733: $? = 0
configure:6749: result: yes
configure:6706: checking for memory.h
configure:6727: gcc -c -g -O2  conftest.c >&5
configure:6733: $? = 0
configure:6749: result: yes
configure:6706: checking for strings.h
configure:6727: gcc -c -g -O2  conftest.c >&5
configure:6733: $? = 0
configure:6749: result: yes
configure:6706: checking for inttypes.h
configure:6727: gcc -c -g -O2  conftest.c >&5
configure:6733: $? = 0
configure:6749: result: yes
configure:6706: checking for stdint.h
configure:6727: gcc -c -g -O2  conftest.c >&5
configure:6733: $? = 0
configure:6749: result: yes
configure:6706: checking for unistd.h
configure:6727: gcc -c -g -O2  conftest.c >&5
configure:6733: $? = 0
configure:6749: result: yes
configure:6765: checking for dlfcn.h
configure:6786: gcc -c -g -O2  conftest.c >&5
configure:6792: $? = 0
configure:6808: result: yes
configure:6932: checking for objdir
configure:6947: result: .libs
configure:7239: checking if gcc supports -fno-rtti -fno-exceptions
configure:7257: gcc -c -g -O2  -fno-rtti -fno-exceptions conftest.c >&5
cc1: warning: command line option "-fno-rtti" is valid for C++/ObjC++ but not for C
configure:7261: $? = 0
configure:7274: result: no
configure:7294: checking for gcc option to produce PIC
configure:7551: result: -fno-common -DPIC
configure:7563: checking if gcc PIC flag -fno-common -DPIC works
configure:7581: gcc -c -g -O2  -fno-common -DPIC -DPIC conftest.c >&5
configure:7585: $? = 0
configure:7598: result: yes
configure:7622: checking if gcc static flag -static works
configure:7650: result: no
configure:7665: checking if gcc supports -c -o file.o
configure:7686: gcc -c -g -O2  -o out/conftest2.o conftest.c >&5
configure:7690: $? = 0
configure:7712: result: yes
configure:7720: checking if gcc supports -c -o file.o
configure:7767: result: yes
configure:7800: checking whether the gcc linker (/usr/llvm-gcc-4.2/libexec/gcc/i686-apple-darwin11/4.2.1/ld) supports shared libraries
configure:8855: result: yes
configure:9094: checking dynamic linker characteristics
configure:9785: result: darwin11.4.2 dyld
configure:9887: checking how to hardcode library paths into programs
configure:9912: result: immediate
configure:10725: checking whether stripping libraries is possible
configure:10739: result: yes
configure:10765: checking if libtool supports shared libraries
configure:10767: result: yes
configure:10770: checking whether to build shared libraries
configure:10791: result: yes
configure:10794: checking whether to build static libraries
configure:10798: result: no
configure:10834: checking whether gcc and cc understand -c and -o together
configure:10869: gcc -c conftest.c -o conftest2.o >&5
configure:10872: $? = 0
configure:10878: gcc -c conftest.c -o conftest2.o >&5
configure:10881: $? = 0
configure:10892: cc -c conftest.c >&5
configure:10895: $? = 0
configure:10903: cc -c conftest.c -o conftest2.o >&5
configure:10906: $? = 0
configure:10912: cc -c conftest.c -o conftest2.o >&5
configure:10915: $? = 0
configure:10933: result: yes
configure:10961: checking for doxygen
configure:10991: result: no
configure:11000: checking for pthread_create in -lpthread
configure:11035: gcc -o conftest -g -O2   conftest.c -lpthread   >&5
configure:11041: $? = 0
configure:11059: result: yes
configure:11070: checking for library containing recvfrom
configure:11111: gcc -o conftest -g -O2   conftest.c -lpthread  >&5
configure:11117: $? = 0
configure:11145: result: none required
configure:11153: checking for log
configure:11209: gcc -o conftest -g -O2   conftest.c -lpthread  >&5
conftest.c:46: warning: conflicting types for built-in function 'log'
configure:11215: $? = 0
configure:11232: result: yes
configure:11312: checking for ANSI C header files
configure:11476: result: yes
configure:11506: checking netdb.h usability
configure:11523: gcc -c -g -O2  conftest.c >&5
configure:11529: $? = 0
configure:11543: result: yes
configure:11547: checking netdb.h presence
configure:11562: gcc -E  conftest.c
configure:11568: $? = 0
configure:11582: result: yes
configure:11615: checking for netdb.h
configure:11623: result: yes
configure:11506: checking netinet/in.h usability
configure:11523: gcc -c -g -O2  conftest.c >&5
configure:11529: $? = 0
configure:11543: result: yes
configure:11547: checking netinet/in.h presence
configure:11562: gcc -E  conftest.c
configure:11568: $? = 0
configure:11582: result: yes
configure:11615: checking for netinet/in.h
configure:11623: result: yes
configure:11496: checking for stdlib.h
configure:11502: result: yes
configure:11496: checking for string.h
configure:11502: result: yes
configure:11506: checking sys/socket.h usability
configure:11523: gcc -c -g -O2  conftest.c >&5
configure:11529: $? = 0
configure:11543: result: yes
configure:11547: checking sys/socket.h presence
configure:11562: gcc -E  conftest.c
configure:11568: $? = 0
configure:11582: result: yes
configure:11615: checking for sys/socket.h
configure:11623: result: yes
configure:11496: checking for unistd.h
configure:11502: result: yes
configure:11638: checking for an ANSI C-conforming const
configure:11713: gcc -c -g -O2  conftest.c >&5
configure:11719: $? = 0
configure:11734: result: yes
configure:11744: checking for size_t
configure:11774: gcc -c -g -O2  conftest.c >&5
configure:11780: $? = 0
configure:11795: result: yes
configure:11809: checking for select
configure:11865: gcc -o conftest -g -O2   conftest.c -lpthread  >&5
configure:11871: $? = 0
configure:11888: result: yes
configure:11956: checking for poll
configure:12012: gcc -o conftest -g -O2   conftest.c -lpthread  >&5
configure:12018: $? = 0
configure:12035: result: yes
configure:12045: checking for inet_aton
configure:12101: gcc -o conftest -g -O2   conftest.c -lpthread  >&5
configure:12107: $? = 0
configure:12124: result: yes
configure:12135: checking whether byte ordering is bigendian
configure:12168: gcc -c -g -O2  conftest.c >&5
configure:12174: $? = 0
configure:12206: gcc -c -g -O2  conftest.c >&5
conftest.c: In function 'main':
conftest.c:40: error: 'not' undeclared (first use in this function)
conftest.c:40: error: (Each undeclared identifier is reported only once
conftest.c:40: error: for each function it appears in.)
conftest.c:40: error: expected ';' before 'big'
configure:12212: $? = 1
configure: failed program was:
| /* confdefs.h.  */
| #define PACKAGE_NAME "liblo"
| #define PACKAGE_TARNAME "liblo"
| #define PACKAGE_VERSION "0.26"
| #define PACKAGE_STRING "liblo 0.26"
| #define PACKAGE_BUGREPORT "liblo-devel@lists.sourceforge.net"
| #define PACKAGE "liblo"
| #define VERSION "0.26"
| #define STDC_HEADERS 1
| #define HAVE_SYS_TYPES_H 1
| #define HAVE_SYS_STAT_H 1
| #define HAVE_STDLIB_H 1
| #define HAVE_STRING_H 1
| #define HAVE_MEMORY_H 1
| #define HAVE_STRINGS_H 1
| #define HAVE_INTTYPES_H 1
| #define HAVE_STDINT_H 1
| #define HAVE_UNISTD_H 1
| #define HAVE_DLFCN_H 1
| #define LT_OBJDIR ".libs/"
| #define HAVE_LIBPTHREAD 1
| #define STDC_HEADERS 1
| #define HAVE_NETDB_H 1
| #define HAVE_NETINET_IN_H 1
| #define HAVE_STDLIB_H 1
| #define HAVE_STRING_H 1
| #define HAVE_SYS_SOCKET_H 1
| #define HAVE_UNISTD_H 1
| #define HAVE_SELECT 1
| #define HAVE_POLL 1
| #define HAVE_INET_ATON 1
| /* end confdefs.h.  */
| #include <sys/types.h>
| #include <sys/param.h>
| 
| int
| main ()
| {
| #if BYTE_ORDER != BIG_ENDIAN
|  not big endian
| #endif
| 
|   ;
|   return 0;
| }
configure:12352: result: no
configure:12490: creating ./config.status

## ---------------------- ##
## Running config.status. ##
## ---------------------- ##

This file was extended by liblo config.status 0.26, which was
generated by GNU Autoconf 2.61.  Invocation command line was

  CONFIG_FILES    = 
  CONFIG_HEADERS  = 
  CONFIG_LINKS    = 
  CONFIG_COMMANDS = 
  $ ./config.status 

on Andys-MacBook.local

config.status:855: creating Makefile
config.status:855: creating src/Makefile
config.status:855: creating src/tools/Makefile
config.status:855: creating examples/Makefile
config.status:855: creating lo/Makefile
config.status:855: creating lo/lo_endian.h
config.status:855: creating liblo.pc
config.status:855: creating doc/Makefile
config.status:855: creating doc/reference.doxygen
config.status:855: creating build/Makefile
config.status:855: creating config.h
config.status:1095: config.h is unchanged
config.status:1142: executing depfiles commands
config.status:1142: executing libtool commands

## ---------------- ##
## Cache variables. ##
## ---------------- ##

ac_cv_build=i386-apple-darwin11.4.2
ac_cv_c_bigendian=no
ac_cv_c_compiler_gnu=yes
ac_cv_c_const=yes
ac_cv_env_CC_set=
ac_cv_env_CC_value=
ac_cv_env_CFLAGS_set=
ac_cv_env_CFLAGS_value=
ac_cv_env_CPPFLAGS_set=
ac_cv_env_CPPFLAGS_value=
ac_cv_env_CPP_set=
ac_cv_env_CPP_value=
ac_cv_env_LDFLAGS_set=
ac_cv_env_LDFLAGS_value=
ac_cv_env_LIBS_set=
ac_cv_env_LIBS_value=
ac_cv_env_build_alias_set=
ac_cv_env_build_alias_value=
ac_cv_env_host_alias_set=
ac_cv_env_host_alias_value=
ac_cv_env_target_alias_set=
ac_cv_env_target_alias_value=
ac_cv_func_inet_aton=yes
ac_cv_func_log=yes
ac_cv_func_poll=yes
ac_cv_func_select=yes
ac_cv_header_dlfcn_h=yes
ac_cv_header_inttypes_h=yes
ac_cv_header_memory_h=yes
ac_cv_header_netdb_h=yes
ac_cv_header_netinet_in_h=yes
ac_cv_header_stdc=yes
ac_cv_header_stdint_h=yes
ac_cv_header_stdlib_h=yes
ac_cv_header_string_h=yes
ac_cv_header_strings_h=yes
ac_cv_header_sys_socket_h=yes
ac_cv_header_sys_stat_h=yes
ac_cv_header_sys_types_h=yes
ac_cv_header_unistd_h=yes
ac_cv_host=i386-apple-darwin11.4.2
ac_cv_lib_pthread_pthread_create=yes
ac_cv_objext=o
ac_cv_path_EGREP='/usr/bin/grep -E'
ac_cv_path_FGREP='/usr/bin/grep -F'
ac_cv_path_GREP=/usr/bin/grep
ac_cv_path_SED=/usr/bin/sed
ac_cv_path_install='/usr/bin/install -c'
ac_cv_prog_AWK=awk
ac_cv_prog_CPP='gcc -E'
ac_cv_prog_ac_ct_AR=ar
ac_cv_prog_ac_ct_CC=gcc
ac_cv_prog_ac_ct_DSYMUTIL=dsymutil
ac_cv_prog_ac_ct_LIPO=lipo
ac_cv_prog_ac_ct_NMEDIT=nmedit
ac_cv_prog_ac_ct_OTOOL=otool
ac_cv_prog_ac_ct_RANLIB=ranlib
ac_cv_prog_ac_ct_STRIP=strip
ac_cv_prog_cc_c89=
ac_cv_prog_cc_g=yes
ac_cv_prog_cc_gcc_c_o=yes
ac_cv_prog_make_make_set=yes
ac_cv_search_recvfrom='none required'
ac_cv_type_size_t=yes
am_cv_CC_dependencies_compiler_type=gcc3
lt_cv_apple_cc_single_mod=yes
lt_cv_deplibs_check_method=pass_all
lt_cv_file_magic_cmd='$MAGIC_CMD'
lt_cv_file_magic_test_file=
lt_cv_ld_exported_symbols_list=yes
lt_cv_ld_reload_flag=-r
lt_cv_nm_interface='BSD nm'
lt_cv_objdir=.libs
lt_cv_path_LD=/usr/llvm-gcc-4.2/libexec/gcc/i686-apple-darwin11/4.2.1/ld
lt_cv_path_NM=/usr/bin/nm
lt_cv_prog_compiler_c_o=yes
lt_cv_prog_compiler_pic_works=yes
lt_cv_prog_compiler_rtti_exceptions=no
lt_cv_prog_compiler_static_works=no
lt_cv_prog_gnu_ld=no
lt_cv_sys_global_symbol_pipe='sed -n -e '\''s/^.*[	 ]\([BCDEGRST][BCDEGRST]*\)[	 ][	 ]*_\([_A-Za-z][_A-Za-z0-9]*\)$/\1 _\2 \2/p'\'''
lt_cv_sys_global_symbol_to_c_name_address='sed -n -e '\''s/^: \([^ ]*\) $/  {\"\1\", (void *) 0},/p'\'' -e '\''s/^[BCDEGRST]* \([^ ]*\) \([^ ]*\)$/  {"\2", (void *) \&\2},/p'\'''
lt_cv_sys_global_symbol_to_c_name_address_lib_prefix='sed -n -e '\''s/^: \([^ ]*\) $/  {\"\1\", (void *) 0},/p'\'' -e '\''s/^[BCDEGRST]* \([^ ]*\) \(lib[^ ]*\)$/  {"\2", (void *) \&\2},/p'\'' -e '\''s/^[BCDEGRST]* \([^ ]*\) \([^ ]*\)$/  {"lib\2", (void *) \&\2},/p'\'''
lt_cv_sys_global_symbol_to_cdecl='sed -n -e '\''s/^T .* \(.*\)$/extern int \1();/p'\'' -e '\''s/^[BCDEGRST]* .* \(.*\)$/extern char \1;/p'\'''
lt_cv_sys_max_cmd_len=196608

## ----------------- ##
## Output variables. ##
## ----------------- ##

ACLOCAL='${SHELL} /Users/Andy/Downloads/liblo-0.26/missing --run aclocal-1.10'
AMDEPBACKSLASH='\'
AMDEP_FALSE='#'
AMDEP_TRUE=''
AMTAR='${SHELL} /Users/Andy/Downloads/liblo-0.26/missing --run tar'
AR='ar'
AUTOCONF='${SHELL} /Users/Andy/Downloads/liblo-0.26/missing --run autoconf'
AUTOHEADER='${SHELL} /Users/Andy/Downloads/liblo-0.26/missing --run autoheader'
AUTOMAKE='${SHELL} /Users/Andy/Downloads/liblo-0.26/missing --run automake-1.10'
AWK='awk'
CC='gcc'
CCDEPMODE='depmode=gcc3'
CFLAGS='-g -O2'
CPP='gcc -E'
CPPFLAGS=''
CYGPATH_W='echo'
DEFS='-DHAVE_CONFIG_H'
DEPDIR='.deps'
DOXYGEN=''
DSYMUTIL='dsymutil'
DUMPBIN=''
ECHO_C='ECHO_N=''
ECHO_T=''
EGREP='/usr/bin/grep -E'
EXEEXT=''
FGREP='/usr/bin/grep -F'
GREP='/usr/bin/grep'
INSTALL_DATA='${INSTALL} -m 644'
INSTALL_PROGRAM='${INSTALL}'
INSTALL_SCRIPT='${INSTALL}'
INSTALL_STRIP_PROGRAM='$(install_sh) -c -s'
LD='/usr/llvm-gcc-4.2/libexec/gcc/i686-apple-darwin11/4.2.1/ld'
LDFLAGS=''
LIBOBJS=''
LIBS='-lpthread '
LIBTOOL='$(SHELL) $(top_builddir)/libtool'
LIPO='lipo'
LN_S='ln -s'
LO_BIGENDIAN='0'
LO_SO_VERSION='7:0:0'
LTLIBOBJS=''
MAKEINFO='${SHELL} /Users/Andy/Downloads/liblo-0.26/missing --run makeinfo'
NM='/usr/bin/nm'
NMEDIT='nmedit'
OBJEXT='o'
OTOOL64=':'
OTOOL='otool'
PACKAGE='liblo'
PACKAGE_BUGREPORT='liblo-devel@lists.sourceforge.net'
PACKAGE_NAME='liblo'
PACKAGE_STRING='liblo 0.26'
PACKAGE_TARNAME='liblo'
PACKAGE_VERSION='0.26'
PATH_SEPARATOR=':'
RANLIB='ranlib'
SED='/usr/bin/sed'
SET_MAKE=''
SHELL='/bin/sh'
STRIP='strip'
VERSION='0.26'
ac_ct_CC='gcc'
ac_ct_DUMPBIN=''
am__fastdepCC_FALSE='#'
am__fastdepCC_TRUE=''
am__include='include'
am__isrc=''
am__leading_dot='.'
am__quote=''
am__tar='${AMTAR} chof - "$$tardir"'
am__untar='${AMTAR} xf -'
bindir='${exec_prefix}/bin'
build='i386-apple-darwin11.4.2'
build_alias=''
build_cpu='i386'
build_os='darwin11.4.2'
build_vendor='apple'
datadir='${datarootdir}'
datarootdir='${prefix}/share'
docdir='${datarootdir}/doc/${PACKAGE_TARNAME}'
dvidir='${docdir}'
exec_prefix='${prefix}'
host='i386-apple-darwin11.4.2'
host_alias=''
host_cpu='i386'
host_os='darwin11.4.2'
host_vendor='apple'
htmldir='${docdir}'
includedir='${prefix}/include'
infodir='${datarootdir}/info'
install_sh='$(SHELL) /Users/Andy/Downloads/liblo-0.26/install-sh'
libdir='${exec_prefix}/lib'
libexecdir='${exec_prefix}/libexec'
localedir='${datarootdir}/locale'
localstatedir='${prefix}/var'
lt_ECHO='/bin/echo'
mandir='${datarootdir}/man'
mkdir_p='$(top_builddir)/./install-sh -c -d'
oldincludedir='/usr/include'
pdfdir='${docdir}'
prefix='/usr/local'
program_transform_name='s,x,x,'
psdir='${docdir}'
sbindir='${exec_prefix}/sbin'
sharedstatedir='${prefix}/com'
sysconfdir='${prefix}/etc'
target_alias=''

## ----------- ##
## confdefs.h. ##
## ----------- ##

#define PACKAGE_NAME "liblo"
#define PACKAGE_TARNAME "liblo"
#define PACKAGE_VERSION "0.26"
#define PACKAGE_STRING "liblo 0.26"
#define PACKAGE_BUGREPORT "liblo-devel@lists.sourceforge.net"
#define PACKAGE "liblo"
#define VERSION "0.26"
#define STDC_HEADERS 1
#define HAVE_SYS_TYPES_H 1
#define HAVE_SYS_STAT_H 1
#define HAVE_STDLIB_H 1
#define HAVE_STRING_H 1
#define HAVE_MEMORY_H 1
#define HAVE_STRINGS_H 1
#define HAVE_INTTYPES_H 1
#define HAVE_STDINT_H 1
#define HAVE_UNISTD_H 1
#define HAVE_DLFCN_H 1
#define LT_OBJDIR ".libs/"
#define HAVE_LIBPTHREAD 1
#define STDC_HEADERS 1
#define HAVE_NETDB_H 1
#define HAVE_NETINET_IN_H 1
#define HAVE_STDLIB_H 1
#define HAVE_STRING_H 1
#define HAVE_SYS_SOCKET_H 1
#define HAVE_UNISTD_H 1
#define HAVE_SELECT 1
#define HAVE_POLL 1
#define HAVE_INET_ATON 1
#define LO_BIGENDIAN "0"

configure: exit 0
